<?xml version="1.0" encoding="UTF-8"?>
<testsuite name="NavigateToFacebook" tests="8" skipped="0" failures="0" errors="0" timestamp="2022-07-17T14:30:20" hostname="DESKTOP-RDQV5OE" time="8.372">
  <properties/>
  <testcase name="user input &quot;standard_user&quot; and &quot;secret_sauce&quot;" classname="NavigateToFacebook" time="0.269"/>
  <testcase name="user click login button" classname="NavigateToFacebook" time="0.138"/>
  <testcase name="user success login" classname="NavigateToFacebook" time="0.067"/>
  <testcase name="user scroll to bottom page" classname="NavigateToFacebook" time="1.03"/>
  <testcase name="user click facebook" classname="NavigateToFacebook" time="0.127"/>
  <testcase name="user move to tab" classname="NavigateToFacebook" time="0.024"/>
  <testcase name="user can validate url title" classname="NavigateToFacebook" time="6.044"/>
  <testcase name="classMethod" classname="NavigateToFacebook" time="9.959"/>
  <system-out><![CDATA[
@Web @NavigateToFacebook
Scenario: NavigateToFacebook                          ?[90m# src/test/resources/features/Tugas.feature:10?[0m
[CDwindow-9C0F9575ACC0E8EEBF3879A78FBD7DC9, CDwindow-C78E1D8324FD98ECEAD69F536CD76196]
Title = Sauce Labs - Home | Facebook
]]></system-out>
  <system-err><![CDATA[Starting ChromeDriver 103.0.5060.53 (a1711811edd74ff1cf2150f36ffa3b0dae40b17f-refs/branch-heads/5060@{#853}) on port 14761
Only local connections are allowed.
Please see https://chromedriver.chromium.org/security-considerations for suggestions on keeping ChromeDriver safe.
ChromeDriver was started successfully.
Jul 17, 2022 9:30:19 PM org.openqa.selenium.remote.ProtocolHandshake createSession
INFO: Detected dialect: W3C
]]></system-err>
</testsuite>
