<?xml version="1.0" encoding="UTF-8"?>
<testsuite name="Add To Cart #1" tests="6" skipped="0" failures="0" errors="0" timestamp="2022-07-17T14:30:14" hostname="DESKTOP-RDQV5OE" time="1.681">
  <properties/>
  <testcase name="user input &quot;standard_user&quot; and &quot;secret_sauce&quot;" classname="Add To Cart #1" time="0.391"/>
  <testcase name="user click login button" classname="Add To Cart #1" time="0.153"/>
  <testcase name="user success login" classname="Add To Cart #1" time="0.072"/>
  <testcase name="user click add to cart" classname="Add To Cart #1" time="0.178"/>
  <testcase name="user can see the shopping cart added" classname="Add To Cart #1" time="0.071"/>
  <testcase name="classMethod" classname="Add To Cart #1" time="4.215"/>
  <system-out><![CDATA[
@Web @AddToCart1
Scenario: Add To Cart                                 ?[90m# src/test/resources/features/BackgroundScenario.feature:10?[0m
]]></system-out>
  <system-err><![CDATA[Starting ChromeDriver 103.0.5060.53 (a1711811edd74ff1cf2150f36ffa3b0dae40b17f-refs/branch-heads/5060@{#853}) on port 3903
Only local connections are allowed.
Please see https://chromedriver.chromium.org/security-considerations for suggestions on keeping ChromeDriver safe.
ChromeDriver was started successfully.
Jul 17, 2022 9:30:13 PM org.openqa.selenium.remote.ProtocolHandshake createSession
INFO: Detected dialect: W3C
]]></system-err>
</testsuite>
