<?xml version="1.0" encoding="UTF-8"?>
<testsuite name="Add To Cart #2" tests="6" skipped="0" failures="0" errors="0" timestamp="2022-07-17T14:30:17" hostname="DESKTOP-RDQV5OE" time="1.466">
  <properties/>
  <testcase name="user input &quot;standard_user&quot; and &quot;secret_sauce&quot;" classname="Add To Cart #2" time="0.279"/>
  <testcase name="user click login button" classname="Add To Cart #2" time="0.161"/>
  <testcase name="user success login" classname="Add To Cart #2" time="0.109"/>
  <testcase name="user click add to cart" classname="Add To Cart #2" time="0.144"/>
  <testcase name="user can see the shopping cart added" classname="Add To Cart #2" time="0.054"/>
  <testcase name="classMethod" classname="Add To Cart #2" time="3.033"/>
  <system-out><![CDATA[
@Web @AddToCart2
Scenario: Add To Cart                                 ?[90m# src/test/resources/features/BackgroundScenario.feature:15?[0m
]]></system-out>
  <system-err><![CDATA[Starting ChromeDriver 103.0.5060.53 (a1711811edd74ff1cf2150f36ffa3b0dae40b17f-refs/branch-heads/5060@{#853}) on port 44826
Only local connections are allowed.
Please see https://chromedriver.chromium.org/security-considerations for suggestions on keeping ChromeDriver safe.
ChromeDriver was started successfully.
Jul 17, 2022 9:30:16 PM org.openqa.selenium.remote.ProtocolHandshake createSession
INFO: Detected dialect: W3C
]]></system-err>
</testsuite>
