<?xml version="1.0" encoding="UTF-8"?>
<testsuite name="Login #1" tests="4" skipped="0" failures="0" errors="0" timestamp="2022-07-17T14:30:37" hostname="DESKTOP-RDQV5OE" time="1.344">
  <properties/>
  <testcase name="user input &quot;standard_user&quot; and &quot;secret_sauce&quot;" classname="Login #1" time="0.288"/>
  <testcase name="user click login button" classname="Login #1" time="0.159"/>
  <testcase name="user success login" classname="Login #1" time="0.106"/>
  <testcase name="classMethod" classname="Login #1" time="3.002"/>
  <system-out><![CDATA[
@Web @Login
Scenario Outline: Login                               ?[90m# src/test/resources/features/login.feature:11?[0m
]]></system-out>
  <system-err><![CDATA[Starting ChromeDriver 103.0.5060.53 (a1711811edd74ff1cf2150f36ffa3b0dae40b17f-refs/branch-heads/5060@{#853}) on port 9150
Only local connections are allowed.
Please see https://chromedriver.chromium.org/security-considerations for suggestions on keeping ChromeDriver safe.
ChromeDriver was started successfully.
Jul 17, 2022 9:30:37 PM org.openqa.selenium.remote.ProtocolHandshake createSession
INFO: Detected dialect: W3C
]]></system-err>
</testsuite>
